2025-05-19 11:28:11 [INFO ] manager.LoggerManager - Запуск програми...
2025-05-19 11:28:12 [INFO ] manager.LoggerManager - Завантаження драйвера SQL Server...
2025-05-19 11:28:12 [INFO ] manager.LoggerManager - Підключення до бази даних...
2025-05-19 11:28:13 [INFO ] manager.LoggerManager - Успішне підключення до бази даних.
2025-05-19 11:28:13 [INFO ] manager.LoggerManager - Завантажено літаків з бази даних: 0
2025-05-19 11:28:14 [INFO ] manager.LoggerManager - Завантаження драйвера SQL Server...
2025-05-19 11:28:14 [INFO ] manager.LoggerManager - Підключення до бази даних...
2025-05-19 11:28:14 [INFO ] manager.LoggerManager - Успішне підключення до бази даних.
2025-05-19 11:28:17 [INFO ] manager.LoggerManager - Натиснута кнопка 'Показати літаки'
2025-05-19 11:28:17 [INFO ] manager.LoggerManager - Завантаження драйвера SQL Server...
2025-05-19 11:28:17 [INFO ] manager.LoggerManager - Підключення до бази даних...
2025-05-19 11:28:17 [INFO ] manager.LoggerManager - Успішне підключення до бази даних.
2025-05-19 11:28:18 [INFO ] manager.LoggerManager - Натиснута кнопка 'Додати літак'
2025-05-19 11:28:19 [INFO ] manager.LoggerManager - CSS підключено до діалогу: file:/D:/%d0%9a%d1%83%d1%80%d1%81%d0%be%d0%b2%d0%b0%20%d0%9f%d0%9f/kursova-airline/target/classes/style.css
2025-05-19 11:28:19 [INFO ] manager.LoggerManager - Showing add models dialog
2025-05-19 11:28:21 [INFO ] manager.LoggerManager - Aircraft type changed to: Пасажирський
2025-05-19 11:28:21 [INFO ] manager.LoggerManager - Selected models type: Пасажирський
2025-05-19 11:28:33 [INFO ] manager.LoggerManager - Button clicked: Додати
2025-05-19 11:28:33 [INFO ] manager.LoggerManager - Завантаження драйвера SQL Server...
2025-05-19 11:28:33 [INFO ] manager.LoggerManager - Підключення до бази даних...
2025-05-19 11:28:33 [INFO ] manager.LoggerManager - Успішне підключення до бази даних.
2025-05-19 11:28:33 [INFO ] manager.LoggerManager - Літак успішно додано до бази даних: qwertt
2025-05-19 11:28:33 [INFO ] manager.LoggerManager - Літак доданий: qwertt
2025-05-19 11:28:33 [INFO ] manager.LoggerManager - Завантаження драйвера SQL Server...
2025-05-19 11:28:33 [INFO ] manager.LoggerManager - Підключення до бази даних...
2025-05-19 11:28:33 [INFO ] manager.LoggerManager - Успішне підключення до бази даних.
2025-05-19 11:28:33 [INFO ] manager.LoggerManager - Button clicked: Cancel
2025-05-19 11:28:37 [INFO ] manager.LoggerManager - Натиснута кнопка 'Видалити літак'
2025-05-19 11:28:37 [INFO ] manager.LoggerManager - CSS підключено до діалогу: file:/D:/%d0%9a%d1%83%d1%80%d1%81%d0%be%d0%b2%d0%b0%20%d0%9f%d0%9f/kursova-airline/target/classes/style.css
2025-05-19 11:28:39 [INFO ] manager.LoggerManager - Натиснута кнопка 'Сортувати літаки за дальністю'
2025-05-19 11:28:39 [INFO ] manager.LoggerManager - CSS підключено до діалогу: file:/D:/%d0%9a%d1%83%d1%80%d1%81%d0%be%d0%b2%d0%b0%20%d0%9f%d0%9f/kursova-airline/target/classes/style.css
2025-05-19 11:28:42 [INFO ] manager.LoggerManager - Завантаження драйвера SQL Server...
2025-05-19 11:28:42 [INFO ] manager.LoggerManager - Підключення до бази даних...
2025-05-19 11:28:42 [INFO ] manager.LoggerManager - Успішне підключення до бази даних.
2025-05-19 11:28:42 [INFO ] manager.LoggerManager - Літаки відсортовано за дальністю: DESC
2025-05-19 11:28:43 [INFO ] manager.LoggerManager - Натиснута кнопка 'Пошук літаків по витраті пального'
2025-05-19 11:28:43 [INFO ] manager.LoggerManager - CSS підключено до діалогу: file:/D:/%d0%9a%d1%83%d1%80%d1%81%d0%be%d0%b2%d0%b0%20%d0%9f%d0%9f/kursova-airline/target/classes/style.css
2025-05-19 11:28:45 [INFO ] manager.LoggerManager - CSS підключено до alert: file:/D:/%d0%9a%d1%83%d1%80%d1%81%d0%be%d0%b2%d0%b0%20%d0%9f%d0%9f/kursova-airline/target/classes/style.css
2025-05-19 11:28:45 [INFO ] manager.LoggerManager - Displayed error alert: Введіть числове значення для мінімальної витрати.
2025-05-19 11:28:48 [INFO ] manager.LoggerManager - Натиснута кнопка 'Показати статистику'
2025-05-19 11:28:48 [INFO ] manager.LoggerManager - Завантаження драйвера SQL Server...
2025-05-19 11:28:48 [INFO ] manager.LoggerManager - Підключення до бази даних...
2025-05-19 11:28:48 [INFO ] manager.LoggerManager - Успішне підключення до бази даних.
2025-05-19 11:28:48 [INFO ] manager.LoggerManager - Start generating statistics for 1 aircrafts.
2025-05-19 11:28:48 [INFO ] manager.LoggerManager - Processing passenger models: qwertt
2025-05-19 11:28:48 [INFO ] manager.LoggerManager - Generated statistics: 
Загальна кількість літаків: 1
Загальна пасажирська місткість: 8
Загальна вантажна місткість: 0,00 т

2025-05-19 11:28:48 [INFO ] manager.LoggerManager - Statistics retrieved for display.
2025-05-19 11:28:48 [INFO ] manager.LoggerManager - Завантаження драйвера SQL Server...
2025-05-19 11:28:48 [INFO ] manager.LoggerManager - Підключення до бази даних...
2025-05-19 11:28:48 [INFO ] manager.LoggerManager - Успішне підключення до бази даних.
2025-05-19 11:28:48 [INFO ] manager.LoggerManager - Start generating statistics for 1 aircrafts.
2025-05-19 11:28:48 [INFO ] manager.LoggerManager - Processing passenger models: qwertt
2025-05-19 11:28:48 [INFO ] manager.LoggerManager - Generated statistics: 
Загальна кількість літаків: 1
Загальна пасажирська місткість: 8
Загальна вантажна місткість: 0,00 т

2025-05-19 11:28:48 [INFO ] manager.LoggerManager - CSS підключено до діалогу: file:/D:/%d0%9a%d1%83%d1%80%d1%81%d0%be%d0%b2%d0%b0%20%d0%9f%d0%9f/kursova-airline/target/classes/style.css
2025-05-19 11:28:48 [INFO ] manager.LoggerManager - Displayed statistics in UI.
2025-05-19 11:28:57 [INFO ] manager.LoggerManager - Натиснута кнопка 'Видалити літак'
2025-05-19 11:28:57 [INFO ] manager.LoggerManager - CSS підключено до діалогу: file:/D:/%d0%9a%d1%83%d1%80%d1%81%d0%be%d0%b2%d0%b0%20%d0%9f%d0%9f/kursova-airline/target/classes/style.css
2025-05-19 11:29:00 [INFO ] manager.LoggerManager - Повідомлення про критичну помилку надіслано на email: kvzolota159789@gmail.com
2025-05-19 11:29:00 [INFO ] manager.LoggerManager - CSS підключено до alert: file:/D:/%d0%9a%d1%83%d1%80%d1%81%d0%be%d0%b2%d0%b0%20%d0%9f%d0%9f/kursova-airline/target/classes/style.css
2025-05-19 11:29:00 [INFO ] manager.LoggerManager - Displayed error alert: Введіть коректне числове значення ID.
2025-05-19 11:29:21 [INFO ] manager.LoggerManager - Завантаження драйвера SQL Server...
2025-05-19 11:29:22 [INFO ] manager.LoggerManager - Підключення до бази даних...
2025-05-19 11:29:22 [INFO ] manager.LoggerManager - Успішне підключення до бази даних.
2025-05-19 11:29:22 [INFO ] manager.LoggerManager - Завантажено літаків з бази даних: 1
2025-05-19 11:29:23 [INFO ] manager.LoggerManager - Завантаження драйвера SQL Server...
2025-05-19 11:29:23 [INFO ] manager.LoggerManager - Підключення до бази даних...
2025-05-19 11:29:23 [INFO ] manager.LoggerManager - Успішне підключення до бази даних.
2025-05-19 11:29:23 [INFO ] manager.LoggerManager - Завантаження драйвера SQL Server...
2025-05-19 11:29:23 [INFO ] manager.LoggerManager - Підключення до бази даних...
2025-05-19 11:29:23 [INFO ] manager.LoggerManager - Успішне підключення до бази даних.
2025-05-19 11:29:23 [INFO ] manager.LoggerManager - База даних очищена перед тестом.
2025-05-19 11:29:23 [INFO ] manager.LoggerManager - Завантаження драйвера SQL Server...
2025-05-19 11:29:23 [INFO ] manager.LoggerManager - Підключення до бази даних...
2025-05-19 11:29:23 [INFO ] manager.LoggerManager - Успішне підключення до бази даних.
2025-05-19 11:29:23 [INFO ] manager.LoggerManager - Завантаження драйвера SQL Server...
2025-05-19 11:29:23 [INFO ] manager.LoggerManager - Підключення до бази даних...
2025-05-19 11:29:23 [INFO ] manager.LoggerManager - Успішне підключення до бази даних.
2025-05-19 11:29:24 [INFO ] manager.LoggerManager - Натиснута кнопка 'Додати літак'
2025-05-19 11:29:24 [INFO ] manager.LoggerManager - CSS підключено до діалогу: file:/D:/%d0%9a%d1%83%d1%80%d1%81%d0%be%d0%b2%d0%b0%20%d0%9f%d0%9f/kursova-airline/target/classes/style.css
2025-05-19 11:29:24 [INFO ] manager.LoggerManager - Showing add models dialog
2025-05-19 11:29:25 [INFO ] manager.LoggerManager - Завантаження драйвера SQL Server...
2025-05-19 11:29:25 [INFO ] manager.LoggerManager - Підключення до бази даних...
2025-05-19 11:29:25 [INFO ] manager.LoggerManager - Успішне підключення до бази даних.
2025-05-19 11:29:25 [INFO ] manager.LoggerManager - Завантажено літаків з бази даних: 0
2025-05-19 11:29:25 [INFO ] manager.LoggerManager - Завантаження драйвера SQL Server...
2025-05-19 11:29:25 [INFO ] manager.LoggerManager - Підключення до бази даних...
2025-05-19 11:29:25 [INFO ] manager.LoggerManager - Успішне підключення до бази даних.
2025-05-19 11:29:25 [INFO ] manager.LoggerManager - Завантаження драйвера SQL Server...
2025-05-19 11:29:25 [INFO ] manager.LoggerManager - Підключення до бази даних...
2025-05-19 11:29:25 [INFO ] manager.LoggerManager - Успішне підключення до бази даних.
2025-05-19 11:29:25 [INFO ] manager.LoggerManager - База даних очищена перед тестом.
2025-05-19 11:29:25 [INFO ] manager.LoggerManager - Завантаження драйвера SQL Server...
2025-05-19 11:29:25 [INFO ] manager.LoggerManager - Підключення до бази даних...
2025-05-19 11:29:25 [INFO ] manager.LoggerManager - Успішне підключення до бази даних.
2025-05-19 11:29:25 [INFO ] manager.LoggerManager - Завантаження драйвера SQL Server...
2025-05-19 11:29:25 [INFO ] manager.LoggerManager - Підключення до бази даних...
2025-05-19 11:29:25 [INFO ] manager.LoggerManager - Успішне підключення до бази даних.
2025-05-19 11:29:26 [INFO ] manager.LoggerManager - Натиснута кнопка 'Видалити літак'
2025-05-19 11:29:26 [INFO ] manager.LoggerManager - CSS підключено до діалогу: file:/D:/%d0%9a%d1%83%d1%80%d1%81%d0%be%d0%b2%d0%b0%20%d0%9f%d0%9f/kursova-airline/target/classes/style.css
2025-05-19 11:29:26 [INFO ] manager.LoggerManager - Завантаження драйвера SQL Server...
2025-05-19 11:29:26 [INFO ] manager.LoggerManager - Підключення до бази даних...
2025-05-19 11:29:26 [INFO ] manager.LoggerManager - Успішне підключення до бази даних.
2025-05-19 11:29:26 [INFO ] manager.LoggerManager - Завантажено літаків з бази даних: 0
2025-05-19 11:29:26 [INFO ] manager.LoggerManager - Завантаження драйвера SQL Server...
2025-05-19 11:29:26 [INFO ] manager.LoggerManager - Підключення до бази даних...
2025-05-19 11:29:26 [INFO ] manager.LoggerManager - Успішне підключення до бази даних.
2025-05-19 11:29:26 [INFO ] manager.LoggerManager - Завантаження драйвера SQL Server...
2025-05-19 11:29:26 [INFO ] manager.LoggerManager - Підключення до бази даних...
2025-05-19 11:29:26 [INFO ] manager.LoggerManager - Успішне підключення до бази даних.
2025-05-19 11:29:26 [INFO ] manager.LoggerManager - База даних очищена перед тестом.
2025-05-19 11:29:26 [INFO ] manager.LoggerManager - Завантаження драйвера SQL Server...
2025-05-19 11:29:26 [INFO ] manager.LoggerManager - Підключення до бази даних...
2025-05-19 11:29:26 [INFO ] manager.LoggerManager - Успішне підключення до бази даних.
2025-05-19 11:29:26 [INFO ] manager.LoggerManager - Завантаження драйвера SQL Server...
2025-05-19 11:29:26 [INFO ] manager.LoggerManager - Підключення до бази даних...
2025-05-19 11:29:26 [INFO ] manager.LoggerManager - Успішне підключення до бази даних.
2025-05-19 11:29:27 [INFO ] manager.LoggerManager - Натиснута кнопка 'Додати літак'
2025-05-19 11:29:27 [INFO ] manager.LoggerManager - CSS підключено до діалогу: file:/D:/%d0%9a%d1%83%d1%80%d1%81%d0%be%d0%b2%d0%b0%20%d0%9f%d0%9f/kursova-airline/target/classes/style.css
2025-05-19 11:29:27 [INFO ] manager.LoggerManager - Showing add models dialog
2025-05-19 11:29:28 [INFO ] manager.LoggerManager - Aircraft type changed to: Пасажирський
2025-05-19 11:29:28 [INFO ] manager.LoggerManager - Selected models type: Пасажирський
2025-05-19 11:29:31 [INFO ] manager.LoggerManager - Button clicked: Додати
2025-05-19 11:29:31 [INFO ] manager.LoggerManager - Завантаження драйвера SQL Server...
2025-05-19 11:29:31 [INFO ] manager.LoggerManager - Підключення до бази даних...
2025-05-19 11:29:31 [INFO ] manager.LoggerManager - Успішне підключення до бази даних.
2025-05-19 11:29:31 [INFO ] manager.LoggerManager - Літак успішно додано до бази даних: Boeing 737
2025-05-19 11:29:31 [INFO ] manager.LoggerManager - Літак доданий: Boeing 737
2025-05-19 11:29:31 [INFO ] manager.LoggerManager - Завантаження драйвера SQL Server...
2025-05-19 11:29:31 [INFO ] manager.LoggerManager - Підключення до бази даних...
2025-05-19 11:29:31 [INFO ] manager.LoggerManager - Успішне підключення до бази даних.
2025-05-19 11:29:31 [INFO ] manager.LoggerManager - Button clicked: Cancel
2025-05-19 11:29:32 [INFO ] manager.LoggerManager - Завантаження драйвера SQL Server...
2025-05-19 11:29:32 [INFO ] manager.LoggerManager - Підключення до бази даних...
2025-05-19 11:29:32 [INFO ] manager.LoggerManager - Успішне підключення до бази даних.
2025-05-19 11:29:32 [INFO ] manager.LoggerManager - Завантажено літаків з бази даних: 1
2025-05-19 11:29:32 [INFO ] manager.LoggerManager - Завантаження драйвера SQL Server...
2025-05-19 11:29:32 [INFO ] manager.LoggerManager - Підключення до бази даних...
2025-05-19 11:29:32 [INFO ] manager.LoggerManager - Успішне підключення до бази даних.
2025-05-19 11:29:32 [INFO ] manager.LoggerManager - Завантаження драйвера SQL Server...
2025-05-19 11:29:32 [INFO ] manager.LoggerManager - Підключення до бази даних...
2025-05-19 11:29:32 [INFO ] manager.LoggerManager - Успішне підключення до бази даних.
2025-05-19 11:29:32 [INFO ] manager.LoggerManager - База даних очищена перед тестом.
2025-05-19 11:29:32 [INFO ] manager.LoggerManager - Завантаження драйвера SQL Server...
2025-05-19 11:29:32 [INFO ] manager.LoggerManager - Підключення до бази даних...
2025-05-19 11:29:32 [INFO ] manager.LoggerManager - Успішне підключення до бази даних.
2025-05-19 11:29:32 [INFO ] manager.LoggerManager - Завантаження драйвера SQL Server...
2025-05-19 11:29:32 [INFO ] manager.LoggerManager - Підключення до бази даних...
2025-05-19 11:29:32 [INFO ] manager.LoggerManager - Успішне підключення до бази даних.
2025-05-19 11:29:33 [INFO ] manager.LoggerManager - Натиснута кнопка 'Додати літак'
2025-05-19 11:29:33 [INFO ] manager.LoggerManager - CSS підключено до діалогу: file:/D:/%d0%9a%d1%83%d1%80%d1%81%d0%be%d0%b2%d0%b0%20%d0%9f%d0%9f/kursova-airline/target/classes/style.css
2025-05-19 11:29:33 [INFO ] manager.LoggerManager - Showing add models dialog
2025-05-19 11:29:34 [INFO ] manager.LoggerManager - Aircraft type changed to: Вантажний
2025-05-19 11:29:34 [INFO ] manager.LoggerManager - Selected models type: Вантажний
2025-05-19 11:29:37 [INFO ] manager.LoggerManager - Button clicked: Додати
2025-05-19 11:29:37 [INFO ] manager.LoggerManager - Завантаження драйвера SQL Server...
2025-05-19 11:29:37 [INFO ] manager.LoggerManager - Підключення до бази даних...
2025-05-19 11:29:37 [INFO ] manager.LoggerManager - Успішне підключення до бази даних.
2025-05-19 11:29:37 [INFO ] manager.LoggerManager - Літак успішно додано до бази даних: Boeing 737
2025-05-19 11:29:37 [INFO ] manager.LoggerManager - Літак доданий: Boeing 737
2025-05-19 11:29:37 [INFO ] manager.LoggerManager - Завантаження драйвера SQL Server...
2025-05-19 11:29:37 [INFO ] manager.LoggerManager - Підключення до бази даних...
2025-05-19 11:29:37 [INFO ] manager.LoggerManager - Успішне підключення до бази даних.
2025-05-19 11:29:37 [INFO ] manager.LoggerManager - Button clicked: Cancel
2025-05-19 11:29:37 [INFO ] manager.LoggerManager - Завантаження драйвера SQL Server...
2025-05-19 11:29:37 [INFO ] manager.LoggerManager - Підключення до бази даних...
2025-05-19 11:29:37 [INFO ] manager.LoggerManager - Успішне підключення до бази даних.
2025-05-19 11:29:37 [INFO ] manager.LoggerManager - Завантажено літаків з бази даних: 1
2025-05-19 11:29:38 [INFO ] manager.LoggerManager - Завантаження драйвера SQL Server...
2025-05-19 11:29:38 [INFO ] manager.LoggerManager - Підключення до бази даних...
2025-05-19 11:29:38 [INFO ] manager.LoggerManager - Успішне підключення до бази даних.
2025-05-19 11:29:38 [INFO ] manager.LoggerManager - Завантаження драйвера SQL Server...
2025-05-19 11:29:38 [INFO ] manager.LoggerManager - Підключення до бази даних...
2025-05-19 11:29:38 [INFO ] manager.LoggerManager - Успішне підключення до бази даних.
2025-05-19 11:29:38 [INFO ] manager.LoggerManager - База даних очищена перед тестом.
2025-05-19 11:29:38 [INFO ] manager.LoggerManager - Завантаження драйвера SQL Server...
2025-05-19 11:29:38 [INFO ] manager.LoggerManager - Підключення до бази даних...
2025-05-19 11:29:38 [INFO ] manager.LoggerManager - Успішне підключення до бази даних.
2025-05-19 11:29:38 [INFO ] manager.LoggerManager - Завантаження драйвера SQL Server...
2025-05-19 11:29:38 [INFO ] manager.LoggerManager - Підключення до бази даних...
2025-05-19 11:29:38 [INFO ] manager.LoggerManager - Успішне підключення до бази даних.
2025-05-19 11:29:38 [INFO ] manager.LoggerManager - Завантаження драйвера SQL Server...
2025-05-19 11:29:38 [INFO ] manager.LoggerManager - Підключення до бази даних...
2025-05-19 11:29:38 [INFO ] manager.LoggerManager - Успішне підключення до бази даних.
2025-05-19 11:29:38 [INFO ] manager.LoggerManager - Завантажено літаків з бази даних: 0
2025-05-19 11:29:38 [INFO ] manager.LoggerManager - Завантаження драйвера SQL Server...
2025-05-19 11:29:38 [INFO ] manager.LoggerManager - Підключення до бази даних...
2025-05-19 11:29:38 [INFO ] manager.LoggerManager - Успішне підключення до бази даних.
2025-05-19 11:29:39 [INFO ] manager.LoggerManager - Завантаження драйвера SQL Server...
2025-05-19 11:29:39 [INFO ] manager.LoggerManager - Підключення до бази даних...
2025-05-19 11:29:39 [INFO ] manager.LoggerManager - Успішне підключення до бази даних.
2025-05-19 11:29:39 [INFO ] manager.LoggerManager - База даних очищена перед тестом.
2025-05-19 11:29:39 [INFO ] manager.LoggerManager - Завантаження драйвера SQL Server...
2025-05-19 11:29:39 [INFO ] manager.LoggerManager - Підключення до бази даних...
2025-05-19 11:29:39 [INFO ] manager.LoggerManager - Успішне підключення до бази даних.
2025-05-19 11:29:39 [INFO ] manager.LoggerManager - Завантаження драйвера SQL Server...
2025-05-19 11:29:39 [INFO ] manager.LoggerManager - Підключення до бази даних...
2025-05-19 11:29:39 [INFO ] manager.LoggerManager - Успішне підключення до бази даних.
2025-05-19 11:29:39 [INFO ] manager.LoggerManager - Натиснута кнопка 'Видалити літак'
2025-05-19 11:29:39 [INFO ] manager.LoggerManager - CSS підключено до діалогу: file:/D:/%d0%9a%d1%83%d1%80%d1%81%d0%be%d0%b2%d0%b0%20%d0%9f%d0%9f/kursova-airline/target/classes/style.css
2025-05-19 11:29:46 [INFO ] manager.LoggerManager - Повідомлення про критичну помилку надіслано на email: kvzolota159789@gmail.com
2025-05-19 11:29:46 [INFO ] manager.LoggerManager - CSS підключено до alert: file:/D:/%d0%9a%d1%83%d1%80%d1%81%d0%be%d0%b2%d0%b0%20%d0%9f%d0%9f/kursova-airline/target/classes/style.css
2025-05-19 11:29:46 [INFO ] manager.LoggerManager - Displayed error alert: Введіть коректне числове значення ID.
2025-05-19 11:29:46 [INFO ] manager.LoggerManager - Завантаження драйвера SQL Server...
2025-05-19 11:29:46 [INFO ] manager.LoggerManager - Підключення до бази даних...
2025-05-19 11:29:46 [INFO ] manager.LoggerManager - Успішне підключення до бази даних.
2025-05-19 11:29:46 [INFO ] manager.LoggerManager - Завантажено літаків з бази даних: 0
2025-05-19 11:29:46 [INFO ] manager.LoggerManager - Завантаження драйвера SQL Server...
2025-05-19 11:29:46 [INFO ] manager.LoggerManager - Підключення до бази даних...
2025-05-19 11:29:47 [INFO ] manager.LoggerManager - Успішне підключення до бази даних.
2025-05-19 11:29:47 [INFO ] manager.LoggerManager - Завантаження драйвера SQL Server...
2025-05-19 11:29:47 [INFO ] manager.LoggerManager - Підключення до бази даних...
2025-05-19 11:29:47 [INFO ] manager.LoggerManager - Успішне підключення до бази даних.
2025-05-19 11:29:47 [INFO ] manager.LoggerManager - База даних очищена перед тестом.
2025-05-19 11:29:47 [INFO ] manager.LoggerManager - Завантаження драйвера SQL Server...
2025-05-19 11:29:47 [INFO ] manager.LoggerManager - Підключення до бази даних...
2025-05-19 11:29:47 [INFO ] manager.LoggerManager - Успішне підключення до бази даних.
2025-05-19 11:29:47 [INFO ] manager.LoggerManager - Завантаження драйвера SQL Server...
2025-05-19 11:29:47 [INFO ] manager.LoggerManager - Підключення до бази даних...
2025-05-19 11:29:47 [INFO ] manager.LoggerManager - Успішне підключення до бази даних.
2025-05-19 11:29:47 [INFO ] manager.LoggerManager - Завантаження драйвера SQL Server...
2025-05-19 11:29:47 [INFO ] manager.LoggerManager - Підключення до бази даних...
2025-05-19 11:29:47 [INFO ] manager.LoggerManager - Успішне підключення до бази даних.
2025-05-19 11:29:47 [INFO ] manager.LoggerManager - Літак успішно додано до бази даних: Aircraft A
2025-05-19 11:29:47 [INFO ] manager.LoggerManager - Завантаження драйвера SQL Server...
2025-05-19 11:29:47 [INFO ] manager.LoggerManager - Підключення до бази даних...
2025-05-19 11:29:47 [INFO ] manager.LoggerManager - Успішне підключення до бази даних.
2025-05-19 11:29:47 [INFO ] manager.LoggerManager - Літак успішно додано до бази даних: Aircraft B
2025-05-19 11:29:47 [INFO ] manager.LoggerManager - Завантаження драйвера SQL Server...
2025-05-19 11:29:47 [INFO ] manager.LoggerManager - Підключення до бази даних...
2025-05-19 11:29:47 [INFO ] manager.LoggerManager - Успішне підключення до бази даних.
2025-05-19 11:29:47 [INFO ] manager.LoggerManager - Натиснута кнопка 'Сортувати літаки за дальністю'
2025-05-19 11:29:47 [INFO ] manager.LoggerManager - CSS підключено до діалогу: file:/D:/%d0%9a%d1%83%d1%80%d1%81%d0%be%d0%b2%d0%b0%20%d0%9f%d0%9f/kursova-airline/target/classes/style.css
2025-05-19 11:29:49 [INFO ] manager.LoggerManager - Завантаження драйвера SQL Server...
2025-05-19 11:29:49 [INFO ] manager.LoggerManager - Підключення до бази даних...
2025-05-19 11:29:49 [INFO ] manager.LoggerManager - Успішне підключення до бази даних.
2025-05-19 11:29:49 [INFO ] manager.LoggerManager - Літаки відсортовано за дальністю: ASC
2025-05-19 11:29:49 [INFO ] manager.LoggerManager - Завантаження драйвера SQL Server...
2025-05-19 11:29:49 [INFO ] manager.LoggerManager - Підключення до бази даних...
2025-05-19 11:29:49 [INFO ] manager.LoggerManager - Успішне підключення до бази даних.
2025-05-19 11:29:49 [INFO ] manager.LoggerManager - Завантажено літаків з бази даних: 2
2025-05-19 11:29:49 [INFO ] manager.LoggerManager - Завантаження драйвера SQL Server...
2025-05-19 11:29:49 [INFO ] manager.LoggerManager - Підключення до бази даних...
2025-05-19 11:29:49 [INFO ] manager.LoggerManager - Успішне підключення до бази даних.
2025-05-19 11:29:50 [INFO ] manager.LoggerManager - Завантаження драйвера SQL Server...
2025-05-19 11:29:50 [INFO ] manager.LoggerManager - Підключення до бази даних...
2025-05-19 11:29:50 [INFO ] manager.LoggerManager - Успішне підключення до бази даних.
2025-05-19 11:29:50 [INFO ] manager.LoggerManager - База даних очищена перед тестом.
2025-05-19 11:29:50 [INFO ] manager.LoggerManager - Завантаження драйвера SQL Server...
2025-05-19 11:29:50 [INFO ] manager.LoggerManager - Підключення до бази даних...
2025-05-19 11:29:50 [INFO ] manager.LoggerManager - Успішне підключення до бази даних.
2025-05-19 11:29:50 [INFO ] manager.LoggerManager - Завантаження драйвера SQL Server...
2025-05-19 11:29:50 [INFO ] manager.LoggerManager - Підключення до бази даних...
2025-05-19 11:29:50 [INFO ] manager.LoggerManager - Успішне підключення до бази даних.
2025-05-19 11:29:50 [INFO ] manager.LoggerManager - Натиснута кнопка 'Додати літак'
2025-05-19 11:29:50 [INFO ] manager.LoggerManager - CSS підключено до діалогу: file:/D:/%d0%9a%d1%83%d1%80%d1%81%d0%be%d0%b2%d0%b0%20%d0%9f%d0%9f/kursova-airline/target/classes/style.css
2025-05-19 11:29:50 [INFO ] manager.LoggerManager - Showing add models dialog
2025-05-19 11:29:51 [INFO ] manager.LoggerManager - Button clicked: Додати
2025-05-19 11:29:51 [INFO ] manager.LoggerManager - CSS підключено до alert: file:/D:/%d0%9a%d1%83%d1%80%d1%81%d0%be%d0%b2%d0%b0%20%d0%9f%d0%9f/kursova-airline/target/classes/style.css
2025-05-19 11:29:51 [INFO ] manager.LoggerManager - Displayed error alert: Виберіть тип літака!
2025-05-19 11:29:51 [INFO ] manager.LoggerManager - Button clicked: Cancel
2025-05-19 11:29:51 [INFO ] manager.LoggerManager - Завантаження драйвера SQL Server...
2025-05-19 11:29:51 [INFO ] manager.LoggerManager - Підключення до бази даних...
2025-05-19 11:29:51 [INFO ] manager.LoggerManager - Успішне підключення до бази даних.
2025-05-19 11:29:51 [INFO ] manager.LoggerManager - Завантажено літаків з бази даних: 0
2025-05-19 11:29:52 [INFO ] manager.LoggerManager - Завантаження драйвера SQL Server...
2025-05-19 11:29:52 [INFO ] manager.LoggerManager - Підключення до бази даних...
2025-05-19 11:29:52 [INFO ] manager.LoggerManager - Успішне підключення до бази даних.
2025-05-19 11:29:52 [INFO ] manager.LoggerManager - Завантаження драйвера SQL Server...
2025-05-19 11:29:52 [INFO ] manager.LoggerManager - Підключення до бази даних...
2025-05-19 11:29:52 [INFO ] manager.LoggerManager - Успішне підключення до бази даних.
2025-05-19 11:29:52 [INFO ] manager.LoggerManager - База даних очищена перед тестом.
2025-05-19 11:29:52 [INFO ] manager.LoggerManager - Завантаження драйвера SQL Server...
2025-05-19 11:29:52 [INFO ] manager.LoggerManager - Підключення до бази даних...
2025-05-19 11:29:52 [INFO ] manager.LoggerManager - Успішне підключення до бази даних.
2025-05-19 11:29:52 [INFO ] manager.LoggerManager - Завантаження драйвера SQL Server...
2025-05-19 11:29:52 [INFO ] manager.LoggerManager - Підключення до бази даних...
2025-05-19 11:29:52 [INFO ] manager.LoggerManager - Успішне підключення до бази даних.
2025-05-19 11:29:52 [INFO ] manager.LoggerManager - Завантаження драйвера SQL Server...
2025-05-19 11:29:52 [INFO ] manager.LoggerManager - Підключення до бази даних...
2025-05-19 11:29:52 [INFO ] manager.LoggerManager - Успішне підключення до бази даних.
2025-05-19 11:29:52 [INFO ] manager.LoggerManager - Літак успішно додано до бази даних: Boeing 737
2025-05-19 11:29:52 [INFO ] manager.LoggerManager - Завантаження драйвера SQL Server...
2025-05-19 11:29:52 [INFO ] manager.LoggerManager - Підключення до бази даних...
2025-05-19 11:29:52 [INFO ] manager.LoggerManager - Успішне підключення до бази даних.
2025-05-19 11:29:52 [INFO ] manager.LoggerManager - Завантаження драйвера SQL Server...
2025-05-19 11:29:52 [INFO ] manager.LoggerManager - Підключення до бази даних...
2025-05-19 11:29:52 [INFO ] manager.LoggerManager - Успішне підключення до бази даних.
2025-05-19 11:29:52 [INFO ] manager.LoggerManager - Завантажено літаків з бази даних: 1
2025-05-19 11:29:53 [INFO ] manager.LoggerManager - Завантаження драйвера SQL Server...
2025-05-19 11:29:53 [INFO ] manager.LoggerManager - Підключення до бази даних...
2025-05-19 11:29:53 [INFO ] manager.LoggerManager - Успішне підключення до бази даних.
2025-05-19 11:29:53 [INFO ] manager.LoggerManager - Завантаження драйвера SQL Server...
2025-05-19 11:29:53 [INFO ] manager.LoggerManager - Підключення до бази даних...
2025-05-19 11:29:53 [INFO ] manager.LoggerManager - Успішне підключення до бази даних.
2025-05-19 11:29:53 [INFO ] manager.LoggerManager - База даних очищена перед тестом.
2025-05-19 11:29:53 [INFO ] manager.LoggerManager - Завантаження драйвера SQL Server...
2025-05-19 11:29:53 [INFO ] manager.LoggerManager - Підключення до бази даних...
2025-05-19 11:29:53 [INFO ] manager.LoggerManager - Успішне підключення до бази даних.
2025-05-19 11:29:53 [INFO ] manager.LoggerManager - Завантаження драйвера SQL Server...
2025-05-19 11:29:53 [INFO ] manager.LoggerManager - Підключення до бази даних...
2025-05-19 11:29:53 [INFO ] manager.LoggerManager - Успішне підключення до бази даних.
2025-05-19 11:29:53 [INFO ] manager.LoggerManager - Завантаження драйвера SQL Server...
2025-05-19 11:29:53 [INFO ] manager.LoggerManager - Підключення до бази даних...
2025-05-19 11:29:53 [INFO ] manager.LoggerManager - Успішне підключення до бази даних.
2025-05-19 11:29:53 [INFO ] manager.LoggerManager - Літак успішно додано до бази даних: Boeing 73
2025-05-19 11:29:53 [INFO ] manager.LoggerManager - Завантаження драйвера SQL Server...
2025-05-19 11:29:53 [INFO ] manager.LoggerManager - Підключення до бази даних...
2025-05-19 11:29:53 [INFO ] manager.LoggerManager - Успішне підключення до бази даних.
2025-05-19 11:29:54 [INFO ] manager.LoggerManager - Натиснута кнопка 'Показати статистику'
2025-05-19 11:29:54 [INFO ] manager.LoggerManager - Завантаження драйвера SQL Server...
2025-05-19 11:29:54 [INFO ] manager.LoggerManager - Підключення до бази даних...
2025-05-19 11:29:54 [INFO ] manager.LoggerManager - Успішне підключення до бази даних.
2025-05-19 11:29:54 [INFO ] manager.LoggerManager - Start generating statistics for 1 aircrafts.
2025-05-19 11:29:54 [INFO ] manager.LoggerManager - Processing passenger models: Boeing 73
2025-05-19 11:29:54 [INFO ] manager.LoggerManager - Generated statistics: 
Загальна кількість літаків: 1
Загальна пасажирська місткість: 180
Загальна вантажна місткість: 20,00 т

2025-05-19 11:29:54 [INFO ] manager.LoggerManager - Statistics retrieved for display.
2025-05-19 11:29:54 [INFO ] manager.LoggerManager - Завантаження драйвера SQL Server...
2025-05-19 11:29:54 [INFO ] manager.LoggerManager - Підключення до бази даних...
2025-05-19 11:29:54 [INFO ] manager.LoggerManager - Успішне підключення до бази даних.
2025-05-19 11:29:54 [INFO ] manager.LoggerManager - Start generating statistics for 1 aircrafts.
2025-05-19 11:29:54 [INFO ] manager.LoggerManager - Processing passenger models: Boeing 73
2025-05-19 11:29:54 [INFO ] manager.LoggerManager - Generated statistics: 
Загальна кількість літаків: 1
Загальна пасажирська місткість: 180
Загальна вантажна місткість: 20,00 т

2025-05-19 11:29:54 [INFO ] manager.LoggerManager - CSS підключено до діалогу: file:/D:/%d0%9a%d1%83%d1%80%d1%81%d0%be%d0%b2%d0%b0%20%d0%9f%d0%9f/kursova-airline/target/classes/style.css
2025-05-19 11:29:54 [INFO ] manager.LoggerManager - Displayed statistics in UI.
2025-05-19 11:29:54 [INFO ] manager.LoggerManager - Завантаження драйвера SQL Server...
2025-05-19 11:29:54 [INFO ] manager.LoggerManager - Підключення до бази даних...
2025-05-19 11:29:54 [INFO ] manager.LoggerManager - Успішне підключення до бази даних.
2025-05-19 11:29:54 [INFO ] manager.LoggerManager - Завантажено літаків з бази даних: 1
2025-05-19 11:29:55 [INFO ] manager.LoggerManager - Завантаження драйвера SQL Server...
2025-05-19 11:29:55 [INFO ] manager.LoggerManager - Підключення до бази даних...
2025-05-19 11:29:55 [INFO ] manager.LoggerManager - Успішне підключення до бази даних.
2025-05-19 11:29:55 [INFO ] manager.LoggerManager - Завантаження драйвера SQL Server...
2025-05-19 11:29:55 [INFO ] manager.LoggerManager - Підключення до бази даних...
2025-05-19 11:29:55 [INFO ] manager.LoggerManager - Успішне підключення до бази даних.
2025-05-19 11:29:55 [INFO ] manager.LoggerManager - База даних очищена перед тестом.
2025-05-19 11:29:55 [INFO ] manager.LoggerManager - Завантаження драйвера SQL Server...
2025-05-19 11:29:55 [INFO ] manager.LoggerManager - Підключення до бази даних...
2025-05-19 11:29:55 [INFO ] manager.LoggerManager - Успішне підключення до бази даних.
2025-05-19 11:29:55 [INFO ] manager.LoggerManager - Завантаження драйвера SQL Server...
2025-05-19 11:29:55 [INFO ] manager.LoggerManager - Підключення до бази даних...
2025-05-19 11:29:55 [INFO ] manager.LoggerManager - Успішне підключення до бази даних.
2025-05-19 11:29:55 [INFO ] manager.LoggerManager - Завантаження драйвера SQL Server...
2025-05-19 11:29:55 [INFO ] manager.LoggerManager - Підключення до бази даних...
2025-05-19 11:29:55 [INFO ] manager.LoggerManager - Успішне підключення до бази даних.
2025-05-19 11:29:55 [INFO ] manager.LoggerManager - Літак успішно додано до бази даних: Aircraft 1
2025-05-19 11:29:55 [INFO ] manager.LoggerManager - Завантаження драйвера SQL Server...
2025-05-19 11:29:55 [INFO ] manager.LoggerManager - Підключення до бази даних...
2025-05-19 11:29:55 [INFO ] manager.LoggerManager - Успішне підключення до бази даних.
2025-05-19 11:29:55 [INFO ] manager.LoggerManager - Літак успішно додано до бази даних: Aircraft 2
2025-05-19 11:29:55 [INFO ] manager.LoggerManager - Завантаження драйвера SQL Server...
2025-05-19 11:29:55 [INFO ] manager.LoggerManager - Підключення до бази даних...
2025-05-19 11:29:55 [INFO ] manager.LoggerManager - Успішне підключення до бази даних.
2025-05-19 11:29:55 [INFO ] manager.LoggerManager - Натиснута кнопка 'Пошук літаків по витраті пального'
2025-05-19 11:29:55 [INFO ] manager.LoggerManager - CSS підключено до діалогу: file:/D:/%d0%9a%d1%83%d1%80%d1%81%d0%be%d0%b2%d0%b0%20%d0%9f%d0%9f/kursova-airline/target/classes/style.css
2025-05-19 11:29:57 [INFO ] manager.LoggerManager - Завантаження драйвера SQL Server...
2025-05-19 11:29:57 [INFO ] manager.LoggerManager - Підключення до бази даних...
2025-05-19 11:29:57 [INFO ] manager.LoggerManager - Успішне підключення до бази даних.
2025-05-19 11:29:57 [INFO ] manager.LoggerManager - Знайдено літаків за витратою пального: 1
2025-05-19 11:29:57 [INFO ] manager.LoggerManager - Пошук літаків за витратою пального виконано: 1 знайдено.
2025-05-19 11:29:57 [INFO ] manager.LoggerManager - Завантаження драйвера SQL Server...
2025-05-19 11:29:57 [INFO ] manager.LoggerManager - Підключення до бази даних...
2025-05-19 11:29:57 [INFO ] manager.LoggerManager - Успішне підключення до бази даних.
2025-05-19 11:29:57 [INFO ] manager.LoggerManager - Завантажено літаків з бази даних: 2
2025-05-19 11:29:57 [INFO ] manager.LoggerManager - Завантаження драйвера SQL Server...
2025-05-19 11:29:57 [INFO ] manager.LoggerManager - Підключення до бази даних...
2025-05-19 11:29:57 [INFO ] manager.LoggerManager - Успішне підключення до бази даних.
2025-05-19 11:29:58 [INFO ] manager.LoggerManager - Завантаження драйвера SQL Server...
2025-05-19 11:29:58 [INFO ] manager.LoggerManager - Підключення до бази даних...
2025-05-19 11:29:58 [INFO ] manager.LoggerManager - Успішне підключення до бази даних.
2025-05-19 11:29:58 [INFO ] manager.LoggerManager - База даних очищена перед тестом.
2025-05-19 11:29:58 [INFO ] manager.LoggerManager - Завантаження драйвера SQL Server...
2025-05-19 11:29:58 [INFO ] manager.LoggerManager - Підключення до бази даних...
2025-05-19 11:29:58 [INFO ] manager.LoggerManager - Успішне підключення до бази даних.
2025-05-19 11:29:58 [INFO ] manager.LoggerManager - Завантаження драйвера SQL Server...
2025-05-19 11:29:58 [INFO ] manager.LoggerManager - Підключення до бази даних...
2025-05-19 11:29:58 [INFO ] manager.LoggerManager - Успішне підключення до бази даних.
2025-05-19 11:29:58 [INFO ] manager.LoggerManager - Натиснута кнопка 'Додати літак'
2025-05-19 11:29:58 [INFO ] manager.LoggerManager - CSS підключено до діалогу: file:/D:/%d0%9a%d1%83%d1%80%d1%81%d0%be%d0%b2%d0%b0%20%d0%9f%d0%9f/kursova-airline/target/classes/style.css
2025-05-19 11:29:58 [INFO ] manager.LoggerManager - Showing add models dialog
2025-05-19 11:29:59 [INFO ] manager.LoggerManager - Aircraft type changed to: Приватний літак
2025-05-19 11:29:59 [INFO ] manager.LoggerManager - Selected models type: Приватний літак
2025-05-19 11:30:03 [INFO ] manager.LoggerManager - Button clicked: Додати
2025-05-19 11:30:03 [INFO ] manager.LoggerManager - Завантаження драйвера SQL Server...
2025-05-19 11:30:03 [INFO ] manager.LoggerManager - Підключення до бази даних...
2025-05-19 11:30:03 [INFO ] manager.LoggerManager - Успішне підключення до бази даних.
2025-05-19 11:30:03 [INFO ] manager.LoggerManager - Літак успішно додано до бази даних: Boeing 737
2025-05-19 11:30:03 [INFO ] manager.LoggerManager - Літак доданий: Boeing 737
2025-05-19 11:30:03 [INFO ] manager.LoggerManager - Завантаження драйвера SQL Server...
2025-05-19 11:30:03 [INFO ] manager.LoggerManager - Підключення до бази даних...
2025-05-19 11:30:03 [INFO ] manager.LoggerManager - Успішне підключення до бази даних.
2025-05-19 11:30:03 [INFO ] manager.LoggerManager - Button clicked: Cancel
2025-05-19 11:30:03 [INFO ] manager.LoggerManager - Завантаження драйвера SQL Server...
2025-05-19 11:30:03 [INFO ] manager.LoggerManager - Підключення до бази даних...
2025-05-19 11:30:03 [INFO ] manager.LoggerManager - Успішне підключення до бази даних.
2025-05-19 11:30:03 [INFO ] manager.LoggerManager - Завантажено літаків з бази даних: 1
2025-05-19 11:30:04 [INFO ] manager.LoggerManager - Завантаження драйвера SQL Server...
2025-05-19 11:30:04 [INFO ] manager.LoggerManager - Підключення до бази даних...
2025-05-19 11:30:04 [INFO ] manager.LoggerManager - Успішне підключення до бази даних.
2025-05-19 11:30:04 [INFO ] manager.LoggerManager - Завантаження драйвера SQL Server...
2025-05-19 11:30:04 [INFO ] manager.LoggerManager - Підключення до бази даних...
2025-05-19 11:30:04 [INFO ] manager.LoggerManager - Успішне підключення до бази даних.
2025-05-19 11:30:04 [INFO ] manager.LoggerManager - База даних очищена перед тестом.
2025-05-19 11:30:04 [INFO ] manager.LoggerManager - Завантаження драйвера SQL Server...
2025-05-19 11:30:04 [INFO ] manager.LoggerManager - Підключення до бази даних...
2025-05-19 11:30:04 [INFO ] manager.LoggerManager - Успішне підключення до бази даних.
2025-05-19 11:30:04 [INFO ] manager.LoggerManager - Завантаження драйвера SQL Server...
2025-05-19 11:30:04 [INFO ] manager.LoggerManager - Підключення до бази даних...
2025-05-19 11:30:04 [INFO ] manager.LoggerManager - Успішне підключення до бази даних.
2025-05-19 11:30:04 [INFO ] manager.LoggerManager - Завантаження драйвера SQL Server...
2025-05-19 11:30:04 [INFO ] manager.LoggerManager - Підключення до бази даних...
2025-05-19 11:30:04 [INFO ] manager.LoggerManager - Успішне підключення до бази даних.
2025-05-19 11:30:04 [INFO ] manager.LoggerManager - Літак успішно додано до бази даних: Boeing 737
2025-05-19 11:30:04 [INFO ] manager.LoggerManager - Завантаження драйвера SQL Server...
2025-05-19 11:30:04 [INFO ] manager.LoggerManager - Підключення до бази даних...
2025-05-19 11:30:04 [INFO ] manager.LoggerManager - Успішне підключення до бази даних.
2025-05-19 11:30:05 [INFO ] manager.LoggerManager - Натиснута кнопка 'Зберегти у файл'
2025-05-19 11:30:05 [INFO ] manager.LoggerManager - Starting to save all aircrafts to file: aircraft_data.csv
2025-05-19 11:30:05 [INFO ] manager.LoggerManager - Завантаження драйвера SQL Server...
2025-05-19 11:30:05 [INFO ] manager.LoggerManager - Підключення до бази даних...
2025-05-19 11:30:05 [INFO ] manager.LoggerManager - Успішне підключення до бази даних.
2025-05-19 11:30:05 [INFO ] manager.LoggerManager - Retrieved models data from database.
2025-05-19 11:30:05 [INFO ] manager.LoggerManager - Saved models data: Boeing 737
2025-05-19 11:30:05 [INFO ] manager.LoggerManager - Successfully saved all models data to file: aircraft_data.csv
2025-05-19 11:30:09 [INFO ] manager.LoggerManager - Завантаження драйвера SQL Server...
2025-05-19 11:30:09 [INFO ] manager.LoggerManager - Підключення до бази даних...
2025-05-19 11:30:09 [INFO ] manager.LoggerManager - Успішне підключення до бази даних.
2025-05-19 11:30:09 [INFO ] manager.LoggerManager - Завантажено літаків з бази даних: 1
2025-05-19 11:30:09 [INFO ] manager.LoggerManager - Завантаження драйвера SQL Server...
2025-05-19 11:30:09 [INFO ] manager.LoggerManager - Підключення до бази даних...
2025-05-19 11:30:09 [INFO ] manager.LoggerManager - Успішне підключення до бази даних.
2025-05-19 11:30:09 [INFO ] manager.LoggerManager - Завантаження драйвера SQL Server...
2025-05-19 11:30:09 [INFO ] manager.LoggerManager - Підключення до бази даних...
2025-05-19 11:30:10 [INFO ] manager.LoggerManager - Успішне підключення до бази даних.
2025-05-19 11:30:10 [INFO ] manager.LoggerManager - База даних очищена перед тестом.
2025-05-19 11:30:10 [INFO ] manager.LoggerManager - Завантаження драйвера SQL Server...
2025-05-19 11:30:10 [INFO ] manager.LoggerManager - Підключення до бази даних...
2025-05-19 11:30:10 [INFO ] manager.LoggerManager - Успішне підключення до бази даних.
2025-05-19 11:30:10 [INFO ] manager.LoggerManager - Завантаження драйвера SQL Server...
2025-05-19 11:30:10 [INFO ] manager.LoggerManager - Підключення до бази даних...
2025-05-19 11:30:10 [INFO ] manager.LoggerManager - Успішне підключення до бази даних.
2025-05-19 11:30:11 [INFO ] manager.LoggerManager - Натиснута кнопка 'Додати літак'
2025-05-19 11:30:11 [INFO ] manager.LoggerManager - CSS підключено до діалогу: file:/D:/%d0%9a%d1%83%d1%80%d1%81%d0%be%d0%b2%d0%b0%20%d0%9f%d0%9f/kursova-airline/target/classes/style.css
2025-05-19 11:30:11 [INFO ] manager.LoggerManager - Showing add models dialog
2025-05-19 11:30:11 [INFO ] manager.LoggerManager - Завантаження драйвера SQL Server...
2025-05-19 11:30:11 [INFO ] manager.LoggerManager - Підключення до бази даних...
2025-05-19 11:30:11 [INFO ] manager.LoggerManager - Успішне підключення до бази даних.
2025-05-19 11:30:11 [INFO ] manager.LoggerManager - Завантажено літаків з бази даних: 0
2025-05-19 11:30:11 [INFO ] manager.LoggerManager - Завантаження драйвера SQL Server...
2025-05-19 11:30:11 [INFO ] manager.LoggerManager - Підключення до бази даних...
2025-05-19 11:30:11 [INFO ] manager.LoggerManager - Успішне підключення до бази даних.
2025-05-19 11:30:11 [INFO ] manager.LoggerManager - Завантаження драйвера SQL Server...
2025-05-19 11:30:11 [INFO ] manager.LoggerManager - Підключення до бази даних...
2025-05-19 11:30:11 [INFO ] manager.LoggerManager - Успішне підключення до бази даних.
2025-05-19 11:30:11 [INFO ] manager.LoggerManager - База даних очищена перед тестом.
2025-05-19 11:30:11 [INFO ] manager.LoggerManager - Завантаження драйвера SQL Server...
2025-05-19 11:30:11 [INFO ] manager.LoggerManager - Підключення до бази даних...
2025-05-19 11:30:11 [INFO ] manager.LoggerManager - Успішне підключення до бази даних.
2025-05-19 11:30:11 [INFO ] manager.LoggerManager - Завантаження драйвера SQL Server...
2025-05-19 11:30:11 [INFO ] manager.LoggerManager - Підключення до бази даних...
2025-05-19 11:30:12 [INFO ] manager.LoggerManager - Успішне підключення до бази даних.
2025-05-19 11:30:12 [INFO ] manager.LoggerManager - Натиснута кнопка 'Пошук літаків по витраті пального'
2025-05-19 11:30:12 [INFO ] manager.LoggerManager - CSS підключено до діалогу: file:/D:/%d0%9a%d1%83%d1%80%d1%81%d0%be%d0%b2%d0%b0%20%d0%9f%d0%9f/kursova-airline/target/classes/style.css
2025-05-19 11:30:13 [INFO ] manager.LoggerManager - Завантаження драйвера SQL Server...
2025-05-19 11:30:13 [INFO ] manager.LoggerManager - Підключення до бази даних...
2025-05-19 11:30:13 [INFO ] manager.LoggerManager - Успішне підключення до бази даних.
2025-05-19 11:30:13 [INFO ] manager.LoggerManager - Завантажено літаків з бази даних: 0
2025-05-19 11:30:13 [INFO ] manager.LoggerManager - Завантаження драйвера SQL Server...
2025-05-19 11:30:13 [INFO ] manager.LoggerManager - Підключення до бази даних...
2025-05-19 11:30:13 [INFO ] manager.LoggerManager - Успішне підключення до бази даних.
2025-05-19 11:30:13 [INFO ] manager.LoggerManager - Завантаження драйвера SQL Server...
2025-05-19 11:30:13 [INFO ] manager.LoggerManager - Підключення до бази даних...
2025-05-19 11:30:13 [INFO ] manager.LoggerManager - Успішне підключення до бази даних.
2025-05-19 11:30:13 [INFO ] manager.LoggerManager - База даних очищена перед тестом.
2025-05-19 11:30:13 [INFO ] manager.LoggerManager - Завантаження драйвера SQL Server...
2025-05-19 11:30:13 [INFO ] manager.LoggerManager - Підключення до бази даних...
2025-05-19 11:30:13 [INFO ] manager.LoggerManager - Успішне підключення до бази даних.
2025-05-19 11:30:13 [INFO ] manager.LoggerManager - Завантаження драйвера SQL Server...
2025-05-19 11:30:13 [INFO ] manager.LoggerManager - Підключення до бази даних...
2025-05-19 11:30:13 [INFO ] manager.LoggerManager - Успішне підключення до бази даних.
2025-05-19 11:30:14 [INFO ] manager.LoggerManager - Завантаження драйвера SQL Server...
2025-05-19 11:30:14 [INFO ] manager.LoggerManager - Підключення до бази даних...
2025-05-19 11:30:14 [INFO ] manager.LoggerManager - Успішне підключення до бази даних.
2025-05-19 11:30:14 [INFO ] manager.LoggerManager - База даних очищена перед тестом.
2025-05-19 11:30:14 [INFO ] manager.LoggerManager - Завантаження драйвера SQL Server...
2025-05-19 11:30:14 [INFO ] manager.LoggerManager - Підключення до бази даних...
2025-05-19 11:30:14 [INFO ] manager.LoggerManager - Успішне підключення до бази даних.
2025-05-19 11:30:14 [INFO ] manager.LoggerManager - Літак успішно додано до бази даних: Boeing 737
2025-05-19 11:30:14 [INFO ] manager.LoggerManager - Завантаження драйвера SQL Server...
2025-05-19 11:30:14 [INFO ] manager.LoggerManager - Підключення до бази даних...
2025-05-19 11:30:14 [INFO ] manager.LoggerManager - Успішне підключення до бази даних.
2025-05-19 11:30:14 [INFO ] manager.LoggerManager - Завантаження драйвера SQL Server...
2025-05-19 11:30:14 [INFO ] manager.LoggerManager - Підключення до бази даних...
2025-05-19 11:30:14 [INFO ] manager.LoggerManager - Успішне підключення до бази даних.
2025-05-19 11:30:14 [INFO ] manager.LoggerManager - Натиснута кнопка 'Видалити літак'
2025-05-19 11:30:14 [INFO ] manager.LoggerManager - CSS підключено до діалогу: file:/D:/%d0%9a%d1%83%d1%80%d1%81%d0%be%d0%b2%d0%b0%20%d0%9f%d0%9f/kursova-airline/target/classes/style.css
2025-05-19 11:30:16 [INFO ] manager.LoggerManager - Завантаження драйвера SQL Server...
2025-05-19 11:30:16 [INFO ] manager.LoggerManager - Підключення до бази даних...
2025-05-19 11:30:16 [INFO ] manager.LoggerManager - Успішне підключення до бази даних.
2025-05-19 11:30:16 [INFO ] manager.LoggerManager - Літак успішно видалено з бази даних: ID 12
2025-05-19 11:30:16 [INFO ] manager.LoggerManager - Літак з ID 12 видалений.
2025-05-19 11:30:16 [INFO ] manager.LoggerManager - Завантаження драйвера SQL Server...
2025-05-19 11:30:16 [INFO ] manager.LoggerManager - Підключення до бази даних...
2025-05-19 11:30:16 [INFO ] manager.LoggerManager - Успішне підключення до бази даних.
2025-05-19 11:30:16 [INFO ] manager.LoggerManager - Завантаження драйвера SQL Server...
2025-05-19 11:30:16 [INFO ] manager.LoggerManager - Підключення до бази даних...
2025-05-19 11:30:16 [INFO ] manager.LoggerManager - Успішне підключення до бази даних.
2025-05-19 11:30:16 [INFO ] manager.LoggerManager - Завантажено літаків з бази даних: 0
2025-05-19 11:30:17 [INFO ] manager.LoggerManager - Завантаження драйвера SQL Server...
2025-05-19 11:30:17 [INFO ] manager.LoggerManager - Підключення до бази даних...
2025-05-19 11:30:17 [INFO ] manager.LoggerManager - Успішне підключення до бази даних.
2025-05-19 11:30:17 [INFO ] manager.LoggerManager - Завантаження драйвера SQL Server...
2025-05-19 11:30:17 [INFO ] manager.LoggerManager - Підключення до бази даних...
2025-05-19 11:30:17 [INFO ] manager.LoggerManager - Успішне підключення до бази даних.
2025-05-19 11:30:17 [INFO ] manager.LoggerManager - База даних очищена перед тестом.
2025-05-19 11:30:17 [INFO ] manager.LoggerManager - Завантаження драйвера SQL Server...
2025-05-19 11:30:17 [INFO ] manager.LoggerManager - Підключення до бази даних...
2025-05-19 11:30:17 [INFO ] manager.LoggerManager - Успішне підключення до бази даних.
2025-05-19 11:30:17 [INFO ] manager.LoggerManager - Завантаження драйвера SQL Server...
2025-05-19 11:30:17 [INFO ] manager.LoggerManager - Підключення до бази даних...
2025-05-19 11:30:17 [INFO ] manager.LoggerManager - Успішне підключення до бази даних.
2025-05-19 11:30:18 [INFO ] manager.LoggerManager - Натиснута кнопка 'Пошук літаків по витраті пального'
2025-05-19 11:30:18 [INFO ] manager.LoggerManager - CSS підключено до діалогу: file:/D:/%d0%9a%d1%83%d1%80%d1%81%d0%be%d0%b2%d0%b0%20%d0%9f%d0%9f/kursova-airline/target/classes/style.css
2025-05-19 11:30:19 [INFO ] manager.LoggerManager - CSS підключено до alert: file:/D:/%d0%9a%d1%83%d1%80%d1%81%d0%be%d0%b2%d0%b0%20%d0%9f%d0%9f/kursova-airline/target/classes/style.css
2025-05-19 11:30:19 [INFO ] manager.LoggerManager - Displayed error alert: Введіть числове значення для мінімальної витрати.
2025-05-19 11:30:19 [INFO ] manager.LoggerManager - Завантаження драйвера SQL Server...
2025-05-19 11:30:19 [INFO ] manager.LoggerManager - Підключення до бази даних...
2025-05-19 11:30:19 [INFO ] manager.LoggerManager - Успішне підключення до бази даних.
2025-05-19 11:30:19 [INFO ] manager.LoggerManager - Завантажено літаків з бази даних: 0
2025-05-19 11:30:20 [INFO ] manager.LoggerManager - Завантаження драйвера SQL Server...
2025-05-19 11:30:20 [INFO ] manager.LoggerManager - Підключення до бази даних...
2025-05-19 11:30:20 [INFO ] manager.LoggerManager - Успішне підключення до бази даних.
2025-05-19 11:30:20 [INFO ] manager.LoggerManager - Завантаження драйвера SQL Server...
2025-05-19 11:30:20 [INFO ] manager.LoggerManager - Підключення до бази даних...
2025-05-19 11:30:20 [INFO ] manager.LoggerManager - Успішне підключення до бази даних.
2025-05-19 11:30:20 [INFO ] manager.LoggerManager - База даних очищена перед тестом.
2025-05-19 11:30:20 [INFO ] manager.LoggerManager - Завантаження драйвера SQL Server...
2025-05-19 11:30:20 [INFO ] manager.LoggerManager - Підключення до бази даних...
2025-05-19 11:30:20 [INFO ] manager.LoggerManager - Успішне підключення до бази даних.
2025-05-19 11:30:20 [INFO ] manager.LoggerManager - Завантаження драйвера SQL Server...
2025-05-19 11:30:20 [INFO ] manager.LoggerManager - Підключення до бази даних...
2025-05-19 11:30:20 [INFO ] manager.LoggerManager - Успішне підключення до бази даних.
2025-05-19 11:30:21 [INFO ] manager.LoggerManager - Натиснута кнопка 'Додати літак'
2025-05-19 11:30:21 [INFO ] manager.LoggerManager - CSS підключено до діалогу: file:/D:/%d0%9a%d1%83%d1%80%d1%81%d0%be%d0%b2%d0%b0%20%d0%9f%d0%9f/kursova-airline/target/classes/style.css
2025-05-19 11:30:21 [INFO ] manager.LoggerManager - Showing add models dialog
2025-05-19 11:30:21 [INFO ] manager.LoggerManager - Button clicked: Додати
2025-05-19 11:30:21 [INFO ] manager.LoggerManager - CSS підключено до alert: file:/D:/%d0%9a%d1%83%d1%80%d1%81%d0%be%d0%b2%d0%b0%20%d0%9f%d0%9f/kursova-airline/target/classes/style.css
2025-05-19 11:30:21 [INFO ] manager.LoggerManager - Displayed error alert: Виберіть тип літака!
2025-05-19 11:30:21 [INFO ] manager.LoggerManager - Button clicked: Cancel
2025-05-19 11:30:22 [INFO ] manager.LoggerManager - Завантаження драйвера SQL Server...
2025-05-19 11:30:22 [INFO ] manager.LoggerManager - Підключення до бази даних...
2025-05-19 11:30:22 [INFO ] manager.LoggerManager - Успішне підключення до бази даних.
2025-05-19 11:30:22 [INFO ] manager.LoggerManager - Завантажено літаків з бази даних: 0
2025-05-19 11:30:22 [INFO ] manager.LoggerManager - Завантаження драйвера SQL Server...
2025-05-19 11:30:22 [INFO ] manager.LoggerManager - Підключення до бази даних...
2025-05-19 11:30:22 [INFO ] manager.LoggerManager - Успішне підключення до бази даних.
2025-05-19 11:30:22 [INFO ] manager.LoggerManager - Завантаження драйвера SQL Server...
2025-05-19 11:30:22 [INFO ] manager.LoggerManager - Підключення до бази даних...
2025-05-19 11:30:22 [INFO ] manager.LoggerManager - Успішне підключення до бази даних.
2025-05-19 11:30:22 [INFO ] manager.LoggerManager - База даних очищена перед тестом.
2025-05-19 11:30:22 [INFO ] manager.LoggerManager - Завантаження драйвера SQL Server...
2025-05-19 11:30:22 [INFO ] manager.LoggerManager - Підключення до бази даних...
2025-05-19 11:30:22 [INFO ] manager.LoggerManager - Успішне підключення до бази даних.
2025-05-19 11:30:22 [INFO ] manager.LoggerManager - Завантаження драйвера SQL Server...
2025-05-19 11:30:22 [INFO ] manager.LoggerManager - Підключення до бази даних...
2025-05-19 11:30:22 [INFO ] manager.LoggerManager - Успішне підключення до бази даних.
2025-05-19 11:30:23 [INFO ] manager.LoggerManager - Завантаження драйвера SQL Server...
2025-05-19 11:30:23 [INFO ] manager.LoggerManager - Підключення до бази даних...
2025-05-19 11:30:23 [INFO ] manager.LoggerManager - Успішне підключення до бази даних.
2025-05-19 11:30:23 [INFO ] manager.LoggerManager - Завантажено літаків з бази даних: 0
2025-05-19 11:30:23 [INFO ] manager.LoggerManager - Завантаження драйвера SQL Server...
2025-05-19 11:30:23 [INFO ] manager.LoggerManager - Підключення до бази даних...
2025-05-19 11:30:23 [INFO ] manager.LoggerManager - Успішне підключення до бази даних.
2025-05-19 11:30:23 [INFO ] manager.LoggerManager - Завантаження драйвера SQL Server...
2025-05-19 11:30:23 [INFO ] manager.LoggerManager - Підключення до бази даних...
2025-05-19 11:30:23 [INFO ] manager.LoggerManager - Успішне підключення до бази даних.
2025-05-19 11:30:23 [INFO ] manager.LoggerManager - База даних очищена перед тестом.
2025-05-19 11:30:23 [INFO ] manager.LoggerManager - Завантаження драйвера SQL Server...
2025-05-19 11:30:23 [INFO ] manager.LoggerManager - Підключення до бази даних...
2025-05-19 11:30:23 [INFO ] manager.LoggerManager - Успішне підключення до бази даних.
2025-05-19 11:30:23 [INFO ] manager.LoggerManager - Завантаження драйвера SQL Server...
2025-05-19 11:30:23 [INFO ] manager.LoggerManager - Підключення до бази даних...
2025-05-19 11:30:23 [INFO ] manager.LoggerManager - Успішне підключення до бази даних.
2025-05-19 11:30:24 [INFO ] manager.LoggerManager - Натиснута кнопка 'Сортувати літаки за дальністю'
2025-05-19 11:30:24 [INFO ] manager.LoggerManager - CSS підключено до діалогу: file:/D:/%d0%9a%d1%83%d1%80%d1%81%d0%be%d0%b2%d0%b0%20%d0%9f%d0%9f/kursova-airline/target/classes/style.css
2025-05-19 11:30:24 [INFO ] manager.LoggerManager - Завантаження драйвера SQL Server...
2025-05-19 11:30:24 [INFO ] manager.LoggerManager - Підключення до бази даних...
2025-05-19 11:30:24 [INFO ] manager.LoggerManager - Успішне підключення до бази даних.
